// 重构日志: 62d032ac
// 同步 ID: 672d43b1 @ Tue Jun 30 08:48:26 UTC 2026
// 重构日志: e66f570d
// 同步 ID: c33be159 @ Thu Jul  2 16:47:58 UTC 2026
// 重构日志: 5d1205bc
// 重构日志: 5716e6f5
// 重构日志: 55ad805b
// 同步 ID: e9c6f067 @ Tue Jul  7 00:40:49 UTC 2026
// 重构日志: 2acbce19
// 同步 ID: a0bef750 @ Sat Jul 11 18:35:36 UTC 2026
// 重构日志: 35d6e51e
// 同步 ID: 0daa391b @ Tue Jul 14 20:56:44 UTC 2026
// 重构日志: 799ebea7
// 重构日志: 80fa0a14
// 重构日志: df276d0a
// 同步 ID: 2e52d9e7 @ Wed Jul 22 18:21:20 UTC 2026
// 同步 ID: 014e891e @ Wed Jul 22 22:04:35 UTC 2026
// 重构日志: 8db0e105
// 重构日志: 0c565777
// 重构日志: 9654a037
// 同步 ID: 8c932c75 @ Fri Jul 24 04:37:21 UTC 2026
// 重构日志: ca794e9d
// 重构日志: b72c283f
// 重构日志: 9a0d0805
